<?xml version="1.0" encoding="UTF-8" ?>
<testsuites>
<testsuite name="Portal SignIn" errors="0" tests="5" failures="1" time="8.85" timestamp="2015-01-16T17:11:53">
  <testcase classname="Portal SignIn" name="should have a title" time="1.064"></testcase>
  <testcase classname="Portal SignIn" name="should Verify Html GUI" time="0.825"></testcase>
  <testcase classname="Portal SignIn" name="should SignIn with login Success" time="3.141"><failure type="expect" message="Expected false to be true.">Error: Expected false to be true.
    at new jasmine.ExpectationResult (/home/mbenaissa/viadeo/LB/node_modules/protractor/node_modules/minijasminenode/lib/jasmine-1.3.1.js:137:32)
    at [object Object].&amp;lt;anonymous&amp;gt; (/home/mbenaissa/viadeo/LB/node_modules/protractor/node_modules/minijasminenode/lib/jasmine-1.3.1.js:1349:29)
    at [object Object].toBe (/home/mbenaissa/viadeo/LB/node_modules/protractor/node_modules/jasminewd/index.js:248:11)
    at [object Object].&amp;lt;anonymous&amp;gt; (/home/mbenaissa/viadeo/LB/test/e2e/selenium/tests/testSingnInPortal.js:25:35)
    at /home/mbenaissa/viadeo/LB/node_modules/protractor/node_modules/jasminewd/index.js:94:14
    at [object Object].webdriver.promise.ControlFlow.runInNewFrame_ (/home/mbenaissa/viadeo/LB/node_modules/protractor/node_modules/selenium-webdriver/lib/webdriver/promise.js:1654:20)
    at [object Object].webdriver.promise.ControlFlow.runEventLoop_ (/home/mbenaissa/viadeo/LB/node_modules/protractor/node_modules/selenium-webdriver/lib/webdriver/promise.js:1518:8)
    at [object Object].wrapper (timers.js:261:14)
    at Timer.listOnTimeout [as ontimeout] (timers.js:112:15)</failure></testcase>
  <testcase classname="Portal SignIn" name="should SignIn with login Fail" time="2.049"></testcase>
  <testcase classname="Portal SignIn" name="should SignIn with forgetPasswotd" time="1.754"></testcase>
</testsuite>
</testsuites>