<?xml version="1.0" encoding="UTF-8" ?>
<testsuites>
<testsuite name="Portal SignIn Page" errors="0" tests="5" failures="5" time="51.924" timestamp="2015-01-19T16:53:13">
  <testcase classname="Portal SignIn Page" name="should have a title" time="10.345"><failure type="expect" message="timeout: timed out after 10000 msec waiting for spec to complete">timeout: timed out after 10000 msec waiting for spec to complete</failure></testcase>
  <testcase classname="Portal SignIn Page" name="should Verify Html GUI" time="10.425"><failure type="expect" message="timeout: timed out after 10000 msec waiting for spec to complete">timeout: timed out after 10000 msec waiting for spec to complete</failure></testcase>
  <testcase classname="Portal SignIn Page" name="should SignIn with login Success" time="10.337"><failure type="expect" message="timeout: timed out after 10000 msec waiting for spec to complete">timeout: timed out after 10000 msec waiting for spec to complete</failure></testcase>
  <testcase classname="Portal SignIn Page" name="should SignIn with login Fail" time="10.388"><failure type="expect" message="timeout: timed out after 10000 msec waiting for spec to complete">timeout: timed out after 10000 msec waiting for spec to complete</failure></testcase>
  <testcase classname="Portal SignIn Page" name="should SignIn with forgetPasswotd" time="10.399"><failure type="expect" message="timeout: timed out after 10000 msec waiting for spec to complete">timeout: timed out after 10000 msec waiting for spec to complete</failure></testcase>
</testsuite>
</testsuites>